<?xml version="1.0" encoding="UTF-8"?>
<testsuite name="commons.utils.CustomRoundingModeTest" tests="2" skipped="0" failures="0" errors="0" timestamp="2023-04-07T16:11:14" hostname="DESKTOP-U84A5CT" time="0.009">
  <properties/>
  <testcase name="shouldDecreaseScaleToUp()" classname="commons.utils.CustomRoundingModeTest" time="0.008"/>
  <testcase name="shouldDecreaseScaleToDown()" classname="commons.utils.CustomRoundingModeTest" time="0.0"/>
  <system-out><![CDATA[]]></system-out>
  <system-err><![CDATA[]]></system-err>
</testsuite>
